[2022-02-11 09:24:21,487] 0  INFO GUI_LOGGER: INIT APPLICATION
[2022-02-11 09:24:21,539] 52  INFO CORE_LOGGER: START INIT Application
[2022-02-11 09:24:21,549] 62  INFO CONFIG_LOGGER: Setting default home directory: C:\Users\polpo\.WoPeD-3.8.0\nets\
[2022-02-11 09:24:21,552] 65  INFO CONFIG_LOGGER: Loading configuration from: C:\Users\polpo\.WoPeD-3.8.0\WoPeDconfig.xml.
[2022-02-11 09:24:21,805] 318  INFO CONFIG_LOGGER: Setting Locale to it_IT
[2022-02-11 09:24:21,810] 323  INFO CONFIG_LOGGER: Setting home directory: C:\Users\polpo\.WoPeD-3.8.0\nets\
[2022-02-11 09:24:21,810] 323  INFO CONFIG_LOGGER: Setting current working directory: D:\Unipi\MPB\Progetto\P55
[2022-02-11 09:24:21,844] 357  INFO CONFIG_LOGGER: Configuration successfully loaded.
[2022-02-11 09:24:21,864] 377  WARN CONFIG_LOGGER: Configuration file not found: C:\Users\polpo\.WoPeD-3.8.0\WoPeDmetrics.xml. Using built-in settings.
[2022-02-11 09:24:21,897] 410  INFO CONFIG_LOGGER: Configuration successfully loaded.
[2022-02-11 09:24:21,940] 453  INFO CORE_LOGGER: Look-And-Feel set to com.sun.java.swing.plaf.windows.WindowsLookAndFeel
[2022-02-11 09:24:22,508] 1021  INFO GUI_LOGGER: END  INIT Application
[2022-02-11 09:24:22,855] 1368 DEBUG QUALANALYSIS_LOGGER: -> init() org.woped.qualanalysis.coverabilitygraph.gui.CoverabilityGraphFrameController
[2022-02-11 09:24:22,864] 1377 DEBUG QUALANALYSIS_LOGGER: <- init() org.woped.qualanalysis.coverabilitygraph.gui.CoverabilityGraphFrameController
[2022-02-11 09:24:22,932] 1445 DEBUG FILE_LOGGER: ##### START PNML Version (1.3.2) IMPORT #####
[2022-02-11 09:24:23,175] 1688 DEBUG QUALANALYSIS_LOGGER: PT Handle Pairs calculated. (0 ms)
[2022-02-11 09:24:23,176] 1689 DEBUG QUALANALYSIS_LOGGER: TP Handle Pairs calculated. (16 ms)
[2022-02-11 09:24:23,523] 2036 DEBUG FILE_LOGGER:  ... Place (ID:p65) imported
[2022-02-11 09:24:23,523] 2036 DEBUG FILE_LOGGER:  ... Place (ID:p67) imported
[2022-02-11 09:24:23,524] 2037 DEBUG FILE_LOGGER:  ... Place (ID:p66) imported
[2022-02-11 09:24:23,524] 2037 DEBUG FILE_LOGGER:  ... Place (ID:p69) imported
[2022-02-11 09:24:23,524] 2037 DEBUG FILE_LOGGER:  ... Place (ID:p68) imported
[2022-02-11 09:24:23,525] 2038 DEBUG FILE_LOGGER:  ... Place (ID:p70) imported
[2022-02-11 09:24:23,525] 2038 DEBUG FILE_LOGGER:  ... Place (ID:p72) imported
[2022-02-11 09:24:23,526] 2039 DEBUG FILE_LOGGER:  ... Place (ID:p71) imported
[2022-02-11 09:24:23,526] 2039 DEBUG FILE_LOGGER:  ... Place (ID:p74) imported
[2022-02-11 09:24:23,526] 2039 DEBUG FILE_LOGGER:  ... Place (ID:p73) imported
[2022-02-11 09:24:23,527] 2040 DEBUG FILE_LOGGER:  ... Place (ID:p76) imported
[2022-02-11 09:24:23,527] 2040 DEBUG FILE_LOGGER:  ... Place (ID:p75) imported
[2022-02-11 09:24:23,527] 2040 DEBUG FILE_LOGGER:  ... Place (ID:p78) imported
[2022-02-11 09:24:23,527] 2040 DEBUG FILE_LOGGER:  ... Place (ID:p77) imported
[2022-02-11 09:24:23,529] 2042 DEBUG FILE_LOGGER:  ... Place (ID:p79) imported
[2022-02-11 09:24:23,532] 2045 DEBUG FILE_LOGGER:  ... Place (ID:p81) imported
[2022-02-11 09:24:23,532] 2045 DEBUG FILE_LOGGER:  ... Place (ID:p80) imported
[2022-02-11 09:24:23,533] 2046 DEBUG FILE_LOGGER:  ... Place (ID:p83) imported
[2022-02-11 09:24:23,533] 2046 DEBUG FILE_LOGGER:  ... Place (ID:p82) imported
[2022-02-11 09:24:23,533] 2046 DEBUG FILE_LOGGER:  ... Place (ID:p85) imported
[2022-02-11 09:24:23,534] 2047 DEBUG FILE_LOGGER:  ... Place (ID:p84) imported
[2022-02-11 09:24:23,534] 2047 DEBUG FILE_LOGGER:  ... Place (ID:p87) imported
[2022-02-11 09:24:23,534] 2047 DEBUG FILE_LOGGER:  ... Place (ID:p86) imported
[2022-02-11 09:24:23,534] 2047 DEBUG FILE_LOGGER:  ... Place (ID:p89) imported
[2022-02-11 09:24:23,535] 2048 DEBUG FILE_LOGGER:  ... Place (ID:p88) imported
[2022-02-11 09:24:23,535] 2048 DEBUG FILE_LOGGER:  ... Place (ID:p90) imported
[2022-02-11 09:24:23,535] 2048 DEBUG FILE_LOGGER:  ... Place (ID:p92) imported
[2022-02-11 09:24:23,535] 2048 DEBUG FILE_LOGGER:  ... Place (ID:p91) imported
[2022-02-11 09:24:23,535] 2048 DEBUG FILE_LOGGER:  ... Place (ID:p94) imported
[2022-02-11 09:24:23,536] 2049 DEBUG FILE_LOGGER:  ... Place (ID:p93) imported
[2022-02-11 09:24:23,536] 2049 DEBUG FILE_LOGGER:  ... Place (ID:p96) imported
[2022-02-11 09:24:23,536] 2049 DEBUG FILE_LOGGER:  ... Place (ID:p120) imported
[2022-02-11 09:24:23,536] 2049 DEBUG FILE_LOGGER:  ... Place (ID:p95) imported
[2022-02-11 09:24:23,536] 2049 DEBUG FILE_LOGGER:  ... Place (ID:p98) imported
[2022-02-11 09:24:23,537] 2050 DEBUG FILE_LOGGER:  ... Place (ID:p97) imported
[2022-02-11 09:24:23,537] 2050 DEBUG FILE_LOGGER:  ... Place (ID:p113) imported
[2022-02-11 09:24:23,537] 2050 DEBUG FILE_LOGGER:  ... Place (ID:p99) imported
[2022-02-11 09:24:23,537] 2050 DEBUG FILE_LOGGER:  ... Place (ID:p112) imported
[2022-02-11 09:24:23,537] 2050 DEBUG FILE_LOGGER:  ... Place (ID:p11) imported
[2022-02-11 09:24:23,538] 2051 DEBUG FILE_LOGGER:  ... Place (ID:p111) imported
[2022-02-11 09:24:23,538] 2051 DEBUG FILE_LOGGER:  ... Place (ID:p110) imported
[2022-02-11 09:24:23,538] 2051 DEBUG FILE_LOGGER:  ... Place (ID:p117) imported
[2022-02-11 09:24:23,538] 2051 DEBUG FILE_LOGGER:  ... Place (ID:p116) imported
[2022-02-11 09:24:23,538] 2051 DEBUG FILE_LOGGER:  ... Place (ID:p114) imported
[2022-02-11 09:24:23,538] 2051 DEBUG FILE_LOGGER:  ... Place (ID:p119) imported
[2022-02-11 09:24:23,539] 2052 DEBUG FILE_LOGGER:  ... Place (ID:p118) imported
[2022-02-11 09:24:23,539] 2052 DEBUG FILE_LOGGER:  ... Place (ID:p102) imported
[2022-02-11 09:24:23,539] 2052 DEBUG FILE_LOGGER:  ... Place (ID:p101) imported
[2022-02-11 09:24:23,539] 2052 DEBUG FILE_LOGGER:  ... Place (ID:p100) imported
[2022-02-11 09:24:23,539] 2052 DEBUG FILE_LOGGER:  ... Place (ID:p106) imported
[2022-02-11 09:24:23,540] 2053 DEBUG FILE_LOGGER:  ... Place (ID:p105) imported
[2022-02-11 09:24:23,540] 2053 DEBUG FILE_LOGGER:  ... Place (ID:p104) imported
[2022-02-11 09:24:23,540] 2053 DEBUG FILE_LOGGER:  ... Place (ID:p103) imported
[2022-02-11 09:24:23,540] 2053 DEBUG FILE_LOGGER:  ... Place (ID:p108) imported
[2022-02-11 09:24:23,540] 2053 DEBUG FILE_LOGGER:  ... Place (ID:p107) imported
[2022-02-11 09:24:23,540] 2053 DEBUG FILE_LOGGER:  ... Place (ID:p4) imported
[2022-02-11 09:24:23,541] 2054 DEBUG FILE_LOGGER:  ... Place (ID:p5) imported
[2022-02-11 09:24:23,541] 2054 DEBUG FILE_LOGGER:  ... Place (ID:p6) imported
[2022-02-11 09:24:23,541] 2054 DEBUG FILE_LOGGER:  ... Place (ID:p7) imported
[2022-02-11 09:24:23,541] 2054 DEBUG FILE_LOGGER:  ... Place (ID:p8) imported
[2022-02-11 09:24:23,543] 2056 DEBUG FILE_LOGGER:  ... Place (ID:p124) imported
[2022-02-11 09:24:23,543] 2056 DEBUG FILE_LOGGER:  ... Place (ID:p126) imported
[2022-02-11 09:24:23,543] 2056 DEBUG FILE_LOGGER:  ... Place (ID:p125) imported
[2022-02-11 09:24:23,551] 2064 DEBUG FILE_LOGGER:  ... Transition (ID:t118) imported 
[2022-02-11 09:24:23,552] 2065 DEBUG FILE_LOGGER:  ... Transition (ID:t54) imported 
[2022-02-11 09:24:23,553] 2066 DEBUG FILE_LOGGER:  ... Transition (ID:t115) imported 
[2022-02-11 09:24:23,553] 2066 DEBUG FILE_LOGGER:  ... Transition (ID:t58) imported 
[2022-02-11 09:24:23,553] 2066 DEBUG FILE_LOGGER:  ... Transition (ID:t117) imported 
[2022-02-11 09:24:23,553] 2066 DEBUG FILE_LOGGER:  ... Transition (ID:t116) imported 
[2022-02-11 09:24:23,554] 2067 DEBUG FILE_LOGGER:  ... Transition (ID:t59) imported 
[2022-02-11 09:24:23,554] 2067 DEBUG FILE_LOGGER:  ... Transition (ID:t111) imported 
[2022-02-11 09:24:23,555] 2068 DEBUG FILE_LOGGER:  ... Transition (ID:t110) imported 
[2022-02-11 09:24:23,555] 2068 DEBUG FILE_LOGGER:  ... Transition (ID:t113) imported 
[2022-02-11 09:24:23,555] 2068 DEBUG FILE_LOGGER:  ... Transition (ID:t112) imported 
[2022-02-11 09:24:23,555] 2068 DEBUG FILE_LOGGER:  ... Transition (ID:t61) imported 
[2022-02-11 09:24:23,555] 2068 DEBUG FILE_LOGGER:  ... Transition (ID:t60) imported 
[2022-02-11 09:24:23,556] 2069 DEBUG FILE_LOGGER:  ... Transition (ID:t63) imported 
[2022-02-11 09:24:23,556] 2069 DEBUG FILE_LOGGER:  ... Transition (ID:t108) imported 
[2022-02-11 09:24:23,557] 2070 DEBUG FILE_LOGGER:  ... Transition (ID:t62) imported 
[2022-02-11 09:24:23,557] 2070 DEBUG FILE_LOGGER:  ... Transition (ID:t107) imported 
[2022-02-11 09:24:23,557] 2070 DEBUG FILE_LOGGER:  ... Transition (ID:t65) imported 
[2022-02-11 09:24:23,557] 2070 DEBUG FILE_LOGGER:  ... Transition (ID:t64) imported 
[2022-02-11 09:24:23,558] 2071 DEBUG FILE_LOGGER:  ... Transition (ID:t109) imported 
[2022-02-11 09:24:23,558] 2071 DEBUG FILE_LOGGER:  ... Transition (ID:t67) imported 
[2022-02-11 09:24:23,558] 2071 DEBUG FILE_LOGGER:  ... Transition (ID:t104) imported 
[2022-02-11 09:24:23,558] 2071 DEBUG FILE_LOGGER:  ... Transition (ID:t66) imported 
[2022-02-11 09:24:23,558] 2071 DEBUG FILE_LOGGER:  ... Transition (ID:t103) imported 
[2022-02-11 09:24:23,558] 2071 DEBUG FILE_LOGGER:  ... Transition (ID:t69) imported 
[2022-02-11 09:24:23,559] 2072 DEBUG FILE_LOGGER:  ... Transition (ID:t106) imported 
[2022-02-11 09:24:23,559] 2072 DEBUG FILE_LOGGER:  ... Transition (ID:t68) imported 
[2022-02-11 09:24:23,559] 2072 DEBUG FILE_LOGGER:  ... Transition (ID:t105) imported 
[2022-02-11 09:24:23,559] 2072 DEBUG FILE_LOGGER:  ... Transition (ID:t3) imported 
[2022-02-11 09:24:23,559] 2072 DEBUG FILE_LOGGER:  ... Transition (ID:t4) imported 
[2022-02-11 09:24:23,560] 2073 DEBUG FILE_LOGGER:  ... Transition (ID:t5) imported 
[2022-02-11 09:24:23,560] 2073 DEBUG FILE_LOGGER:  ... Transition (ID:t6) imported 
[2022-02-11 09:24:23,560] 2073 DEBUG FILE_LOGGER:  ... Transition (ID:t7) imported 
[2022-02-11 09:24:23,561] 2074 DEBUG FILE_LOGGER:  ... Transition (ID:t8) imported 
[2022-02-11 09:24:23,562] 2075 DEBUG FILE_LOGGER:  ... Transition (ID:t70) imported 
[2022-02-11 09:24:23,562] 2075 DEBUG FILE_LOGGER:  ... Transition (ID:t72) imported 
[2022-02-11 09:24:23,563] 2076 DEBUG FILE_LOGGER:  ... Transition (ID:t71) imported 
[2022-02-11 09:24:23,563] 2076 DEBUG FILE_LOGGER:  ... Transition (ID:t74) imported 
[2022-02-11 09:24:23,564] 2077 DEBUG FILE_LOGGER:  ... Transition (ID:t73) imported 
[2022-02-11 09:24:23,565] 2078 DEBUG FILE_LOGGER:  ... Transition (ID:t76) imported 
[2022-02-11 09:24:23,566] 2079 DEBUG FILE_LOGGER:  ... Transition (ID:t75) imported 
[2022-02-11 09:24:23,567] 2080 DEBUG FILE_LOGGER:  ... Transition (ID:t78) imported 
[2022-02-11 09:24:23,568] 2081 DEBUG FILE_LOGGER:  ... Transition (ID:t77) imported 
[2022-02-11 09:24:23,568] 2081 DEBUG FILE_LOGGER:  ... Transition (ID:t79) imported 
[2022-02-11 09:24:23,568] 2081 DEBUG FILE_LOGGER:  ... Transition (ID:t81) imported 
[2022-02-11 09:24:23,568] 2081 DEBUG FILE_LOGGER:  ... Transition (ID:t80) imported 
[2022-02-11 09:24:23,568] 2081 DEBUG FILE_LOGGER:  ... Transition (ID:t83) imported 
[2022-02-11 09:24:23,568] 2081 DEBUG FILE_LOGGER:  ... Transition (ID:t82) imported 
[2022-02-11 09:24:23,569] 2082 DEBUG FILE_LOGGER:  ... Transition (ID:t85) imported 
[2022-02-11 09:24:23,569] 2082 DEBUG FILE_LOGGER:  ... Transition (ID:t84) imported 
[2022-02-11 09:24:23,569] 2082 DEBUG FILE_LOGGER:  ... Transition (ID:t87) imported 
[2022-02-11 09:24:23,569] 2082 DEBUG FILE_LOGGER:  ... Transition (ID:t86) imported 
[2022-02-11 09:24:23,569] 2082 DEBUG FILE_LOGGER:  ... Transition (ID:t89) imported 
[2022-02-11 09:24:23,569] 2082 DEBUG FILE_LOGGER:  ... Transition (ID:t88) imported 
[2022-02-11 09:24:23,570] 2083 DEBUG FILE_LOGGER:  ... Transition (ID:t90) imported 
[2022-02-11 09:24:23,570] 2083 DEBUG FILE_LOGGER:  ... Transition (ID:t92) imported 
[2022-02-11 09:24:23,570] 2083 DEBUG FILE_LOGGER:  ... Transition (ID:t91) imported 
[2022-02-11 09:24:23,570] 2083 DEBUG FILE_LOGGER:  ... Transition (ID:t94) imported 
[2022-02-11 09:24:23,570] 2083 DEBUG FILE_LOGGER:  ... Transition (ID:t93) imported 
[2022-02-11 09:24:23,570] 2083 DEBUG FILE_LOGGER:  ... Transition (ID:t96) imported 
[2022-02-11 09:24:23,571] 2084 DEBUG FILE_LOGGER:  ... Transition (ID:t95) imported 
[2022-02-11 09:24:23,571] 2084 DEBUG FILE_LOGGER:  ... Transition (ID:t98) imported 
[2022-02-11 09:24:23,571] 2084 DEBUG FILE_LOGGER:  ... Transition (ID:t97) imported 
[2022-02-11 09:24:23,571] 2084 DEBUG FILE_LOGGER:  ... Transition (ID:t99) imported 
[2022-02-11 09:24:23,571] 2084 DEBUG FILE_LOGGER:  ... Transition (ID:t100) imported 
[2022-02-11 09:24:23,572] 2085 DEBUG FILE_LOGGER:  ... Transition (ID:t102) imported 
[2022-02-11 09:24:23,572] 2085 DEBUG FILE_LOGGER:  ... Transition (ID:t101) imported 
[2022-02-11 09:24:23,572] 2085 DEBUG FILE_LOGGER:  ... Transition (ID:t49) imported 
[2022-02-11 09:24:23,583] 2096 DEBUG FILE_LOGGER:  ... Arc created: (ID:a120) p69 -> t73 
[2022-02-11 09:24:23,583] 2096 DEBUG FILE_LOGGER:  ... Arc created: (ID:a121) p78 -> t75 
[2022-02-11 09:24:23,584] 2097 DEBUG FILE_LOGGER:  ... Arc created: (ID:a1778) t90 -> p94 
[2022-02-11 09:24:23,584] 2097 DEBUG FILE_LOGGER:  ... Arc created: (ID:a1777) p99 -> t90 
[2022-02-11 09:24:23,584] 2097 DEBUG FILE_LOGGER:  ... Arc created: (ID:a1810) t91 -> p89 
[2022-02-11 09:24:23,584] 2097 DEBUG FILE_LOGGER:  ... Arc created: (ID:a126) t75 -> p76 
[2022-02-11 09:24:23,584] 2097 DEBUG FILE_LOGGER:  ... Arc created: (ID:a643) p84 -> t115 
[2022-02-11 09:24:23,585] 2098 DEBUG FILE_LOGGER:  ... Arc created: (ID:a127) t78 -> p73 
[2022-02-11 09:24:23,585] 2098 DEBUG FILE_LOGGER:  ... Arc created: (ID:a644) t115 -> p82 
[2022-02-11 09:24:23,586] 2099 DEBUG FILE_LOGGER:  ... Arc created: (ID:a128) p77 -> t78 
[2022-02-11 09:24:23,586] 2099 DEBUG FILE_LOGGER:  ... Arc created: (ID:a82) p97 -> t86 
[2022-02-11 09:24:23,586] 2099 DEBUG FILE_LOGGER:  ... Arc created: (ID:a122) t73 -> p78 
[2022-02-11 09:24:23,586] 2099 DEBUG FILE_LOGGER:  ... Arc created: (ID:a84) t69 -> p97 
[2022-02-11 09:24:23,587] 2100 DEBUG FILE_LOGGER:  ... Arc created: (ID:a123) t77 -> p72 
[2022-02-11 09:24:23,587] 2100 DEBUG FILE_LOGGER:  ... Arc created: (ID:a124) p78 -> t77 
[2022-02-11 09:24:23,588] 2101 DEBUG FILE_LOGGER:  ... Arc created: (ID:a125) p71 -> t88 
[2022-02-11 09:24:23,589] 2102 DEBUG FILE_LOGGER:  ... Arc created: (ID:a88) p118 -> t63 
[2022-02-11 09:24:23,589] 2102 DEBUG FILE_LOGGER:  ... Arc created: (ID:a197) t102 -> p70 
[2022-02-11 09:24:23,589] 2102 DEBUG FILE_LOGGER:  ... Arc created: (ID:a198) t100 -> p70 
[2022-02-11 09:24:23,589] 2102 DEBUG FILE_LOGGER:  ... Arc created: (ID:a1646) t72 -> p65 
[2022-02-11 09:24:23,590] 2103 DEBUG FILE_LOGGER:  ... Arc created: (ID:a1645) p68 -> t97 
[2022-02-11 09:24:23,590] 2103 DEBUG FILE_LOGGER:  ... Arc created: (ID:a1644) p68 -> t72 
[2022-02-11 09:24:23,590] 2103 DEBUG FILE_LOGGER:  ... Arc created: (ID:a1121) t105 -> p110 
[2022-02-11 09:24:23,590] 2103 DEBUG FILE_LOGGER:  ... Arc created: (ID:a1252) t106 -> p107 
[2022-02-11 09:24:23,591] 2104 DEBUG FILE_LOGGER:  ... Arc created: (ID:a1251) p103 -> t106 
[2022-02-11 09:24:23,591] 2104 DEBUG FILE_LOGGER:  ... Arc created: (ID:a513) p87 -> t83 
[2022-02-11 09:24:23,591] 2104 DEBUG FILE_LOGGER:  ... Arc created: (ID:a354) t84 -> p88 
[2022-02-11 09:24:23,591] 2104 DEBUG FILE_LOGGER:  ... Arc created: (ID:a233) t98 -> p100 
[2022-02-11 09:24:23,591] 2104 DEBUG FILE_LOGGER:  ... Arc created: (ID:a112) t63 -> p101 
[2022-02-11 09:24:23,592] 2105 DEBUG FILE_LOGGER:  ... Arc created: (ID:a113) p101 -> t64 
[2022-02-11 09:24:23,592] 2105 DEBUG FILE_LOGGER:  ... Arc created: (ID:a1809) p94 -> t91 
[2022-02-11 09:24:23,592] 2105 DEBUG FILE_LOGGER:  ... Arc created: (ID:a140) t67 -> p116 
[2022-02-11 09:24:23,592] 2105 DEBUG FILE_LOGGER:  ... Arc created: (ID:a11) p6 -> t6 
[2022-02-11 09:24:23,592] 2105 DEBUG FILE_LOGGER:  ... Arc created: (ID:a10) t5 -> p6 
[2022-02-11 09:24:23,593] 2106 DEBUG FILE_LOGGER:  ... Arc created: (ID:a142) p116 -> t66 
[2022-02-11 09:24:23,593] 2106 DEBUG FILE_LOGGER:  ... Arc created: (ID:a13) p7 -> t92 
[2022-02-11 09:24:23,593] 2106 DEBUG FILE_LOGGER:  ... Arc created: (ID:a12) t6 -> p7 
[2022-02-11 09:24:23,593] 2106 DEBUG FILE_LOGGER:  ... Arc created: (ID:a15) t7 -> p8 
[2022-02-11 09:24:23,593] 2106 DEBUG FILE_LOGGER:  ... Arc created: (ID:a14) p89 -> t7 
[2022-02-11 09:24:23,594] 2107 DEBUG FILE_LOGGER:  ... Arc created: (ID:a16) p8 -> t8 
[2022-02-11 09:24:23,594] 2107 DEBUG FILE_LOGGER:  ... Arc created: (ID:a19) p11 -> t4 
[2022-02-11 09:24:23,594] 2107 DEBUG FILE_LOGGER:  ... Arc created: (ID:a18) t8 -> p11 
[2022-02-11 09:24:23,595] 2108 DEBUG FILE_LOGGER:  ... Arc created: (ID:a1120) p104 -> t105 
[2022-02-11 09:24:23,595] 2108 DEBUG FILE_LOGGER:  ... Arc created: (ID:a669) p82 -> t81 
[2022-02-11 09:24:23,596] 2109 DEBUG FILE_LOGGER:  ... Arc created: (ID:a308) p67 -> t49 
[2022-02-11 09:24:23,596] 2109 DEBUG FILE_LOGGER:  ... Arc created: (ID:a309) t49 -> p68 
[2022-02-11 09:24:23,596] 2109 DEBUG FILE_LOGGER:  ... Arc created: (ID:a940) t108 -> p104 
[2022-02-11 09:24:23,596] 2109 DEBUG FILE_LOGGER:  ... Arc created: (ID:a148) t68 -> p119 
[2022-02-11 09:24:23,597] 2110 DEBUG FILE_LOGGER:  ... Arc created: (ID:a149) p119 -> t65 
[2022-02-11 09:24:23,599] 2112 DEBUG FILE_LOGGER:  ... Arc created: (ID:a304) p95 -> t117 
[2022-02-11 09:24:23,600] 2113 DEBUG FILE_LOGGER:  ... Arc created: (ID:a305) t117 -> p97 
[2022-02-11 09:24:23,601] 2114 DEBUG FILE_LOGGER:  ... Arc created: (ID:a145) t86 -> p91 
[2022-02-11 09:24:23,601] 2114 DEBUG FILE_LOGGER:  ... Arc created: (ID:a541) p80 -> t80 
[2022-02-11 09:24:23,601] 2114 DEBUG FILE_LOGGER:  ... Arc created: (ID:a146) t62 -> p120 
[2022-02-11 09:24:23,601] 2114 DEBUG FILE_LOGGER:  ... Arc created: (ID:a542) t80 -> p81 
[2022-02-11 09:24:23,601] 2114 DEBUG FILE_LOGGER:  ... Arc created: (ID:a147) p120 -> t68 
[2022-02-11 09:24:23,602] 2115 DEBUG FILE_LOGGER:  ... Arc created: (ID:a130) p74 -> t79 
[2022-02-11 09:24:23,602] 2115 DEBUG FILE_LOGGER:  ... Arc created: (ID:a131) p106 -> t61 
[2022-02-11 09:24:23,602] 2115 DEBUG FILE_LOGGER:  ... Arc created: (ID:a132) t64 -> p112 
[2022-02-11 09:24:23,602] 2115 DEBUG FILE_LOGGER:  ... Arc created: (ID:a1745) p90 -> t89 
[2022-02-11 09:24:23,602] 2115 DEBUG FILE_LOGGER:  ... Arc created: (ID:a1746) t89 -> p99 
[2022-02-11 09:24:23,603] 2116 DEBUG FILE_LOGGER:  ... Arc created: (ID:a813) p111 -> t109 
[2022-02-11 09:24:23,603] 2116 DEBUG FILE_LOGGER:  ... Arc created: (ID:a814) t109 -> p105 
[2022-02-11 09:24:23,603] 2116 DEBUG FILE_LOGGER:  ... Arc created: (ID:a258) t87 -> p93 
[2022-02-11 09:24:23,603] 2116 DEBUG FILE_LOGGER:  ... Arc created: (ID:a137) t71 -> p67 
[2022-02-11 09:24:23,603] 2116 DEBUG FILE_LOGGER:  ... Arc created: (ID:a138) t108 -> p114 
[2022-02-11 09:24:23,603] 2116 DEBUG FILE_LOGGER:  ... Arc created: (ID:a139) p93 -> t84 
[2022-02-11 09:24:23,604] 2117 DEBUG FILE_LOGGER:  ... Arc created: (ID:a133) p112 -> t95 
[2022-02-11 09:24:23,604] 2117 DEBUG FILE_LOGGER:  ... Arc created: (ID:a134) t95 -> p117 
[2022-02-11 09:24:23,604] 2117 DEBUG FILE_LOGGER:  ... Arc created: (ID:a135) t70 -> p113 
[2022-02-11 09:24:23,604] 2117 DEBUG FILE_LOGGER:  ... Arc created: (ID:a257) p91 -> t87 
[2022-02-11 09:24:23,605] 2118 DEBUG FILE_LOGGER:  ... Arc created: (ID:a136) p113 -> t71 
[2022-02-11 09:24:23,605] 2118 DEBUG FILE_LOGGER:  ... Arc created: (ID:a283) p72 -> t100 
[2022-02-11 09:24:23,608] 2121 DEBUG FILE_LOGGER:  ... Arc created: (ID:a162) p126 -> t60 
[2022-02-11 09:24:23,608] 2121 DEBUG FILE_LOGGER:  ... Arc created: (ID:a163) t59 -> p126 
[2022-02-11 09:24:23,609] 2122 DEBUG FILE_LOGGER:  ... Arc created: (ID:a164) p100 -> t104 
[2022-02-11 09:24:23,609] 2122 DEBUG FILE_LOGGER:  ... Arc created: (ID:a285) p75 -> t102 
[2022-02-11 09:24:23,609] 2122 DEBUG FILE_LOGGER:  ... Arc created: (ID:a280) t99 -> p74 
[2022-02-11 09:24:23,609] 2122 DEBUG FILE_LOGGER:  ... Arc created: (ID:a281) p73 -> t101 
[2022-02-11 09:24:23,610] 2123 DEBUG FILE_LOGGER:  ... Arc created: (ID:a160) p126 -> t54 
[2022-02-11 09:24:23,610] 2123 DEBUG FILE_LOGGER:  ... Arc created: (ID:a161) p117 -> t76 
[2022-02-11 09:24:23,610] 2123 DEBUG FILE_LOGGER:  ... Arc created: (ID:a282) t101 -> p74 
[2022-02-11 09:24:23,610] 2123 DEBUG FILE_LOGGER:  ... Arc created: (ID:a1698) t93 -> p98 
[2022-02-11 09:24:23,610] 2123 DEBUG FILE_LOGGER:  ... Arc created: (ID:a1697) p66 -> t93 
[2022-02-11 09:24:23,611] 2124 DEBUG FILE_LOGGER:  ... Arc created: (ID:a845) p105 -> t108 
[2022-02-11 09:24:23,611] 2124 DEBUG FILE_LOGGER:  ... Arc created: (ID:a209) t79 -> p95 
[2022-02-11 09:24:23,611] 2124 DEBUG FILE_LOGGER:  ... Arc created: (ID:a567) p81 -> t85 
[2022-02-11 09:24:23,611] 2124 DEBUG FILE_LOGGER:  ... Arc created: (ID:a568) t85 -> p85 
[2022-02-11 09:24:23,612] 2125 DEBUG FILE_LOGGER:  ... Arc created: (ID:a287) p70 -> t111 
[2022-02-11 09:24:23,612] 2125 DEBUG FILE_LOGGER:  ... Arc created: (ID:a288) t111 -> p69 
[2022-02-11 09:24:23,612] 2125 DEBUG FILE_LOGGER:  ... Arc created: (ID:a152) t104 -> p125 
[2022-02-11 09:24:23,612] 2125 DEBUG FILE_LOGGER:  ... Arc created: (ID:a46) t88 -> p102 
[2022-02-11 09:24:23,612] 2125 DEBUG FILE_LOGGER:  ... Arc created: (ID:a153) p125 -> t70 
[2022-02-11 09:24:23,612] 2125 DEBUG FILE_LOGGER:  ... Arc created: (ID:a670) t81 -> p83 
[2022-02-11 09:24:23,613] 2126 DEBUG FILE_LOGGER:  ... Arc created: (ID:a154) p125 -> t69 
[2022-02-11 09:24:23,613] 2126 DEBUG FILE_LOGGER:  ... Arc created: (ID:a150) p114 -> t94 
[2022-02-11 09:24:23,613] 2126 DEBUG FILE_LOGGER:  ... Arc created: (ID:a1842) t92 -> p92 
[2022-02-11 09:24:23,613] 2126 DEBUG FILE_LOGGER:  ... Arc created: (ID:a1172) p108 -> t104 
[2022-02-11 09:24:23,613] 2126 DEBUG FILE_LOGGER:  ... Arc created: (ID:a159) t61 -> p126 
[2022-02-11 09:24:23,614] 2127 DEBUG FILE_LOGGER:  ... Arc created: (ID:a313) t54 -> p103 
[2022-02-11 09:24:23,614] 2127 DEBUG FILE_LOGGER:  ... Arc created: (ID:a315) t60 -> p71 
[2022-02-11 09:24:23,614] 2127 DEBUG FILE_LOGGER:  ... Arc created: (ID:a316) p96 -> t59 
[2022-02-11 09:24:23,614] 2127 DEBUG FILE_LOGGER:  ... Arc created: (ID:a156) t113 -> p86 
[2022-02-11 09:24:23,614] 2127 DEBUG FILE_LOGGER:  ... Arc created: (ID:a310) p98 -> t58 
[2022-02-11 09:24:23,615] 2128 DEBUG FILE_LOGGER:  ... Arc created: (ID:a157) p86 -> t118 
[2022-02-11 09:24:23,615] 2128 DEBUG FILE_LOGGER:  ... Arc created: (ID:a311) t58 -> p68 
[2022-02-11 09:24:23,615] 2128 DEBUG FILE_LOGGER:  ... Arc created: (ID:a279) p76 -> t99 
[2022-02-11 09:24:23,615] 2128 DEBUG FILE_LOGGER:  ... Arc created: (ID:a158) t118 -> p87 
[2022-02-11 09:24:23,616] 2129 DEBUG FILE_LOGGER:  ... Arc created: (ID:a57) t94 -> p106 
[2022-02-11 09:24:23,616] 2129 DEBUG FILE_LOGGER:  ... Arc created: (ID:a1714) t97 -> p90 
[2022-02-11 09:24:23,616] 2129 DEBUG FILE_LOGGER:  ... Arc created: (ID:a1672) t96 -> p66 
[2022-02-11 09:24:23,616] 2129 DEBUG FILE_LOGGER:  ... Arc created: (ID:a1671) p65 -> t96 
[2022-02-11 09:24:23,616] 2129 DEBUG FILE_LOGGER:  ... Arc created: (ID:a1278) t74 -> p96 
[2022-02-11 09:24:23,617] 2130 DEBUG FILE_LOGGER:  ... Arc created: (ID:a1277) p107 -> t74 
[2022-02-11 09:24:23,617] 2130 DEBUG FILE_LOGGER:  ... Arc created: (ID:a100) t65 -> p118 
[2022-02-11 09:24:23,617] 2130 DEBUG FILE_LOGGER:  ... Arc created: (ID:a584) t83 -> p79 
[2022-02-11 09:24:23,617] 2130 DEBUG FILE_LOGGER:  ... Arc created: (ID:a101) t76 -> p75 
[2022-02-11 09:24:23,617] 2130 DEBUG FILE_LOGGER:  ... Arc created: (ID:a294) p85 -> t112 
[2022-02-11 09:24:23,617] 2130 DEBUG FILE_LOGGER:  ... Arc created: (ID:a295) t112 -> p86 
[2022-02-11 09:24:23,618] 2131 DEBUG FILE_LOGGER:  ... Arc created: (ID:a296) p86 -> t116 
[2022-02-11 09:24:23,618] 2131 DEBUG FILE_LOGGER:  ... Arc created: (ID:a297) t116 -> p80 
[2022-02-11 09:24:23,618] 2131 DEBUG FILE_LOGGER:  ... Arc created: (ID:a290) p70 -> t110 
[2022-02-11 09:24:23,618] 2131 DEBUG FILE_LOGGER:  ... Arc created: (ID:a291) t110 -> p77 
[2022-02-11 09:24:23,618] 2131 DEBUG FILE_LOGGER:  ... Arc created: (ID:a292) p88 -> t113 
[2022-02-11 09:24:23,619] 2132 DEBUG FILE_LOGGER:  ... Arc created: (ID:a1147) t107 -> p108 
[2022-02-11 09:24:23,619] 2132 DEBUG FILE_LOGGER:  ... Arc created: (ID:a1146) p110 -> t107 
[2022-02-11 09:24:23,619] 2132 DEBUG FILE_LOGGER:  ... Arc created: (ID:a618) t82 -> p84 
[2022-02-11 09:24:23,619] 2132 DEBUG FILE_LOGGER:  ... Arc created: (ID:a3) p124 -> t67 
[2022-02-11 09:24:23,619] 2132 DEBUG FILE_LOGGER:  ... Arc created: (ID:a4) t66 -> p4 
[2022-02-11 09:24:23,620] 2133 DEBUG FILE_LOGGER:  ... Arc created: (ID:a5) p4 -> t3 
[2022-02-11 09:24:23,620] 2133 DEBUG FILE_LOGGER:  ... Arc created: (ID:a6) t3 -> p5 
[2022-02-11 09:24:23,620] 2133 DEBUG FILE_LOGGER:  ... Arc created: (ID:a7) p5 -> t62 
[2022-02-11 09:24:23,620] 2133 DEBUG FILE_LOGGER:  ... Arc created: (ID:a617) p79 -> t82 
[2022-02-11 09:24:23,620] 2133 DEBUG FILE_LOGGER:  ... Arc created: (ID:a8) t4 -> p5 
[2022-02-11 09:24:23,621] 2134 DEBUG FILE_LOGGER:  ... Arc created: (ID:a9) p89 -> t5 
[2022-02-11 09:24:23,621] 2134 DEBUG FILE_LOGGER:  ... Arc created: (ID:a71) p102 -> t98 
[2022-02-11 09:24:23,621] 2134 DEBUG FILE_LOGGER:  ... Arc created: (ID:a696) p83 -> t103 
[2022-02-11 09:24:23,621] 2134 DEBUG FILE_LOGGER:  ... Arc created: (ID:a213) t103 -> p111 
[2022-02-11 09:24:25,033] 3546 DEBUG EDITOR_LOGGER: Net updated. (18 ms)
[2022-02-11 09:24:25,051] 3564 DEBUG EDITOR_LOGGER: Net updated. (16 ms)
[2022-02-11 09:24:25,054] 3567 DEBUG FILE_LOGGER: ##### END PNML IMPORT Version (1.3.2) ##### (2120 ms)
[2022-02-11 09:24:25,056] 3569  INFO CONFIG_LOGGER: Setting current working directory: D:\Unipi\MPB\Progetto\P55\Modifica
[2022-02-11 09:24:25,057] 3570  INFO FILE_LOGGER: Petrinet loaded from file: D:\Unipi\MPB\Progetto\P55\Modifica\studente_net_modifica.pnml
[2022-02-11 09:25:26,547] 65060  INFO CONFIG_LOGGER: Configuration successfully saved to: C:\Users\polpo\.WoPeD-3.8.0\WoPeDconfig.xml
[2022-02-11 09:25:26,547] 65060  INFO GUI_LOGGER: EXIT WoPeD
